<?xml version="1.0" encoding="UTF-8"?>
<!-- Generated by org.testng.reporters.JUnitReportReporter -->
<testsuite hostname="Anusuya" failures="0" tests="4" name="testngExamplePrograms.DataproviderExample" time="0.024" errors="0" timestamp="2024-04-30T16:22:48 IST" skipped="0">
  <testcase classname="testngExamplePrograms.DataproviderExample" name="test" time="0.002"/>
  <testcase classname="testngExamplePrograms.DataproviderExample" name="test" time="0.013"/>
  <testcase classname="testngExamplePrograms.DataproviderExample" name="test" time="0.003"/>
  <testcase classname="testngExamplePrograms.DataproviderExample" name="test" time="0.006"/>
</testsuite> <!-- testngExamplePrograms.DataproviderExample -->
