<?xml version="1.0" encoding="UTF-8"?>
<!-- Generated by org.testng.reporters.JUnitReportReporter -->
<testsuite hostname="Anusuya" failures="0" tests="4" name="testngExamplePrograms.LoginDataProviderExample" time="33.204" errors="0" timestamp="2024-04-30T16:34:11 IST" skipped="0">
  <testcase classname="testngExamplePrograms.LoginDataProviderExample" name="login" time="3.005"/>
  <testcase classname="testngExamplePrograms.LoginDataProviderExample" name="login" time="8.055"/>
  <testcase classname="testngExamplePrograms.LoginDataProviderExample" name="login" time="13.957"/>
  <testcase classname="testngExamplePrograms.LoginDataProviderExample" name="login" time="8.187"/>
</testsuite> <!-- testngExamplePrograms.LoginDataProviderExample -->
