<?xml version="1.0" encoding="UTF-8"?>
<!-- Generated by org.testng.reporters.JUnitReportReporter -->
<testsuite hostname="Anusuya" failures="0" tests="1" name="testngExamplePrograms.ExcelData" time="2.211" errors="0" timestamp="2024-04-30T17:06:38 IST" skipped="0">
  <testcase classname="testngExamplePrograms.ExcelData" name="data" time="2.211"/>
</testsuite> <!-- testngExamplePrograms.ExcelData -->
