<?xml version="1.0" encoding="UTF-8"?>
<!-- Generated by org.testng.reporters.JUnitReportReporter -->
<testsuite hostname="Anusuya" failures="0" tests="3" name="testngExamplePrograms.Example" time="0.095" errors="0" timestamp="2024-04-29T16:47:19 IST" skipped="0">
  <testcase classname="testngExamplePrograms.Example" name="test2" time="0.025"/>
  <testcase classname="testngExamplePrograms.Example" name="test3" time="0.014"/>
  <testcase classname="testngExamplePrograms.Example" name="test1" time="0.056"/>
</testsuite> <!-- testngExamplePrograms.Example -->
