<?xml version="1.0" encoding="UTF-8"?>
<!-- Generated by org.testng.reporters.JUnitReportReporter -->
<testsuite hostname="Anusuya" failures="0" tests="1" name="testngExamplePrograms.Example2" time="0.005" errors="0" timestamp="2024-04-29T16:47:19 IST" skipped="0">
  <testcase classname="testngExamplePrograms.Example2" name="test" time="0.005"/>
</testsuite> <!-- testngExamplePrograms.Example2 -->
